Arguments: 
  /Users/MarlenaTsang/.nvm/versions/node/v16.7.0/bin/node /Users/MarlenaTsang/.nvm/versions/node/v16.7.0/bin/yarn add active_storage:install

PATH: 
  /Users/MarlenaTsang/.rvm/gems/ruby-2.7.4/bin:/Users/MarlenaTsang/.rvm/gems/ruby-2.7.4@global/bin:/Users/MarlenaTsang/.rvm/rubies/ruby-2.7.4/bin:/Users/MarlenaTsang/.rvm/bin:/Users/MarlenaTsang/.nvm/versions/node/v16.7.0/bin:/usr/local/bin:/usr/bin:/bin:/usr/sbin:/sbin:/Library/Apple/usr/bin:/Users/MarlenaTsang/.nvm/versions/node/v16.7.0/bin

Yarn version: 
  1.22.18

Node version: 
  16.7.0

Platform: 
  darwin x64

Trace: 
  Error: https://registry.yarnpkg.com/active_storage:install: Not found
      at Request.params.callback [as _callback] (/Users/MarlenaTsang/.nvm/versions/node/v16.7.0/lib/node_modules/yarn/lib/cli.js:66138:18)
      at Request.self.callback (/Users/MarlenaTsang/.nvm/versions/node/v16.7.0/lib/node_modules/yarn/lib/cli.js:140883:22)
      at Request.emit (node:events:394:28)
      at Request.<anonymous> (/Users/MarlenaTsang/.nvm/versions/node/v16.7.0/lib/node_modules/yarn/lib/cli.js:141855:10)
      at Request.emit (node:events:394:28)
      at IncomingMessage.<anonymous> (/Users/MarlenaTsang/.nvm/versions/node/v16.7.0/lib/node_modules/yarn/lib/cli.js:141777:12)
      at Object.onceWrapper (node:events:513:28)
      at IncomingMessage.emit (node:events:406:35)
      at endReadableNT (node:internal/streams/readable:1348:12)
      at processTicksAndRejections (node:internal/process/task_queues:83:21)

npm manifest: 
  {
    "dependencies": {
      "@rails/actiontext": "^6.0.5",
      "trix": "^2.0.0-beta.0"
    }
  }

yarn manifest: 
  No manifest

Lockfile: 
  # THIS IS AN AUTOGENERATED FILE. DO NOT EDIT THIS FILE DIRECTLY.
  # yarn lockfile v1
  
  
  "@rails/actiontext@^6.0.5":
    version "6.0.5"
    resolved "https://registry.yarnpkg.com/@rails/actiontext/-/actiontext-6.0.5.tgz#a2ef2d5d829fd032e294e8465ace4107a2b34db5"
    integrity sha512-FF0vCANuJu5I0e1D73zz/aOE33KKXvOpkus7wRQoZq3Yv4H6D6FiOEMn2TF1mO8u5IpPoSbttXaJ4ROj3aWEwA==
    dependencies:
      "@rails/activestorage" "^6.0.0"
  
  "@rails/activestorage@^6.0.0":
    version "6.0.5"
    resolved "https://registry.yarnpkg.com/@rails/activestorage/-/activestorage-6.0.5.tgz#446e4b3f45bf1d4e1c6fd0b8b6e2566cb70c2b18"
    integrity sha512-jp2UKh1QChjOGsApYO3HHuBH1yfv4mqOcKuB70fsT79O/CJWEACVnjKIdaqO+B9BJTKihaxyyepvL7kLfUFiDw==
    dependencies:
      spark-md5 "^3.0.0"
  
  spark-md5@^3.0.0:
    version "3.0.2"
    resolved "https://registry.yarnpkg.com/spark-md5/-/spark-md5-3.0.2.tgz#7952c4a30784347abcee73268e473b9c0167e3fc"
    integrity sha512-wcFzz9cDfbuqe0FZzfi2or1sgyIrsDwmPwfZC4hiNidPdPINjeUwNfv5kldczoEAcjl9Y1L3SM7Uz2PUEQzxQw==
  
  trix@^2.0.0-beta.0:
    version "2.0.0-beta.0"
    resolved "https://registry.yarnpkg.com/trix/-/trix-2.0.0-beta.0.tgz#e7034867182356c023abdef90c7bdc341bb3e105"
    integrity sha512-D1c7FxP1hGXM/MnTd/+fGUbSDLkfxsqjA0NxOTzByQywVJVNHDOkn8xAScCKVOiAN6hXlqUR2qX4CPJHTGj+cQ==
